<?xml version="1.0" encoding="UTF-8"?>
<testsuite name="DialingCodesTest" tests="12" skipped="0" failures="0" errors="0" timestamp="2025-10-14T09:50:32" hostname="LAPTOP-OAIULNTQ" time="0.152">
  <properties/>
  <testcase name="addNewDialingCode leaves already added code" classname="DialingCodesTest" time="0.077"/>
  <testcase name="setDialingCode updates existing entry" classname="DialingCodesTest" time="0.004"/>
  <testcase name="getCountry returns a code's country" classname="DialingCodesTest" time="0.006"/>
  <testcase name="addNewDialingCode adds new codes" classname="DialingCodesTest" time="0.004"/>
  <testcase name="setDialingCode with multiple entries" classname="DialingCodesTest" time="0.003"/>
  <testcase name="findDialingCode returns null for country not yet added" classname="DialingCodesTest" time="0.004"/>
  <testcase name="updateDialingCode updates the map" classname="DialingCodesTest" time="0.003"/>
  <testcase name="getCodes initially returns an empty map" classname="DialingCodesTest" time="0.002"/>
  <testcase name="findDialingCode returns a country's dialing code" classname="DialingCodesTest" time="0.005"/>
  <testcase name="getCountry returns updated country" classname="DialingCodesTest" time="0.002"/>
  <testcase name="addNewDialingCode leaves already added country" classname="DialingCodesTest" time="0.003"/>
  <testcase name="setDialingCode adds new entry" classname="DialingCodesTest" time="0.003"/>
  <system-out><![CDATA[]]></system-out>
  <system-err><![CDATA[]]></system-err>
</testsuite>
