<?xml version="1.0" encoding="UTF-8"?>
<testsuite name="NeedForSpeedTest" tests="16" skipped="0" failures="0" errors="0" timestamp="2025-09-12T20:11:45" hostname="LAPTOP-OAIULNTQ" time="0.188">
  <properties/>
  <testcase name="The distanceDriven method returns 0 on a new car" classname="NeedForSpeedTest" time="0.091"/>
  <testcase name="The batteryDrained method returns true when battery completely drained after driving" classname="NeedForSpeedTest" time="0.008"/>
  <testcase name="The batteryDrained method returns false when nitro car never drove" classname="NeedForSpeedTest" time="0.003"/>
  <testcase name="The batteryDrained method returns false when car never drove" classname="NeedForSpeedTest" time="0.006"/>
  <testcase name="The canFinishRace method returns false when car just cannot finish a race" classname="NeedForSpeedTest" time="0.005"/>
  <testcase name="The distanceDriven method returns 5 after driving once" classname="NeedForSpeedTest" time="0.002"/>
  <testcase name="The canFinishRace method returns true when car can finish a race" classname="NeedForSpeedTest" time="0.002"/>
  <testcase name="The distanceDriven method returns the correct distance after driving multiple times" classname="NeedForSpeedTest" time="0.002"/>
  <testcase name="The batteryDrained method returns false when nitro battery did not completely drain after driving" classname="NeedForSpeedTest" time="0.002"/>
  <testcase name="The canFinishRace method returns true when car can just finish a race" classname="NeedForSpeedTest" time="0.005"/>
  <testcase name="The distanceDriven method returns the correct distance after driving a nitro car" classname="NeedForSpeedTest" time="0.003"/>
  <testcase name="The batteryDrained method returns false when there's not enough battery" classname="NeedForSpeedTest" time="0.002"/>
  <testcase name="The batteryDrained method returns true when nitro battery completely drained after driving" classname="NeedForSpeedTest" time="0.004"/>
  <testcase name="The distanceDriven method returns 0 on a new nitro car" classname="NeedForSpeedTest" time="0.002"/>
  <testcase name="The canFinishRace method returns false when car cannot finish a race" classname="NeedForSpeedTest" time="0.002"/>
  <testcase name="The batteryDrained method returns false when car battery did not completely drain after driving" classname="NeedForSpeedTest" time="0.003"/>
  <system-out><![CDATA[]]></system-out>
  <system-err><![CDATA[]]></system-err>
</testsuite>
