<?xml version="1.0" encoding="UTF-8"?>
<testsuite name="LogsLogsLogsTest" tests="15" skipped="0" failures="0" errors="0" timestamp="2025-09-23T18:44:34" hostname="LAPTOP-OAIULNTQ" time="0.269">
  <properties/>
  <testcase name="Get short log output for log level INFO" classname="LogsLogsLogsTest" time="0.136"/>
  <testcase name="Parsing unknown log level ABC" classname="LogsLogsLogsTest" time="0.006"/>
  <testcase name="Parsing log level DBG" classname="LogsLogsLogsTest" time="0.001"/>
  <testcase name="Parsing log level ERR" classname="LogsLogsLogsTest" time="0.002"/>
  <testcase name="Parsing log level FTL" classname="LogsLogsLogsTest" time="0.001"/>
  <testcase name="Parsing log level INF" classname="LogsLogsLogsTest" time="0.004"/>
  <testcase name="Parsing log level WRN" classname="LogsLogsLogsTest" time="0.003"/>
  <testcase name="Parsing unknown log level XYZ" classname="LogsLogsLogsTest" time="0.001"/>
  <testcase name="Get short log output for log level WARNING" classname="LogsLogsLogsTest" time="0.014"/>
  <testcase name="Parsing log level TRC" classname="LogsLogsLogsTest" time="0.008"/>
  <testcase name="Get short log output for log level UNKNOWN" classname="LogsLogsLogsTest" time="0.003"/>
  <testcase name="Get short log output for log level DEBUG" classname="LogsLogsLogsTest" time="0.003"/>
  <testcase name="Get short log output for log level ERROR" classname="LogsLogsLogsTest" time="0.001"/>
  <testcase name="Get short log output for log level FATAL" classname="LogsLogsLogsTest" time="0.001"/>
  <testcase name="Get short log output for log level TRACE" classname="LogsLogsLogsTest" time="0.019"/>
  <system-out><![CDATA[]]></system-out>
  <system-err><![CDATA[]]></system-err>
</testsuite>
