<?xml version="1.0" encoding="UTF-8"?>
<testsuite name="ReverseStringTest" tests="6" skipped="0" failures="0" errors="0" timestamp="2025-10-18T09:35:59" hostname="LAPTOP-OAIULNTQ" time="0.205">
  <properties/>
  <testcase name="a word" classname="ReverseStringTest" time="0.107"/>
  <testcase name="an empty string" classname="ReverseStringTest" time="0.002"/>
  <testcase name="a capitalized word" classname="ReverseStringTest" time="0.012"/>
  <testcase name="a sentence with punctuation" classname="ReverseStringTest" time="0.017"/>
  <testcase name="a palindrome" classname="ReverseStringTest" time="0.019"/>
  <testcase name="an even-sized word" classname="ReverseStringTest" time="0.017"/>
  <system-out><![CDATA[]]></system-out>
  <system-err><![CDATA[]]></system-err>
</testsuite>
