<?xml version="1.0" encoding="UTF-8"?>
<testsuite name="DartsTest" tests="13" skipped="0" failures="0" errors="0" timestamp="2025-10-28T08:06:29" hostname="LAPTOP-OAIULNTQ" time="0.247">
  <properties/>
  <testcase name="Exactly on center" classname="DartsTest" time="0.107"/>
  <testcase name="On the inner circle" classname="DartsTest" time="0.001"/>
  <testcase name="Just within the inner circle" classname="DartsTest" time="0.003"/>
  <testcase name="Just within the middle circle" classname="DartsTest" time="0.011"/>
  <testcase name="Asymmetric position between the inner and middle circles" classname="DartsTest" time="0.021"/>
  <testcase name="Near the center" classname="DartsTest" time="0.012"/>
  <testcase name="Missed target" classname="DartsTest" time="0.009"/>
  <testcase name="Just outside the outer circle" classname="DartsTest" time="0.002"/>
  <testcase name="Just outside the middle circle" classname="DartsTest" time="0.002"/>
  <testcase name="On the middle circle" classname="DartsTest" time="0.006"/>
  <testcase name="On the outer circle" classname="DartsTest" time="0.002"/>
  <testcase name="Just within the outer circle" classname="DartsTest" time="0.002"/>
  <testcase name="Just outside the inner circle" classname="DartsTest" time="0.005"/>
  <system-out><![CDATA[]]></system-out>
  <system-err><![CDATA[]]></system-err>
</testsuite>
