<?xml version="1.0" encoding="UTF-8"?>
<testsuite name="TwoferTest" tests="3" skipped="0" failures="0" errors="0" timestamp="2025-10-21T10:43:56" hostname="LAPTOP-OAIULNTQ" time="0.102">
  <properties/>
  <testcase name="noNameGiven()" classname="TwoferTest" time="0.081"/>
  <testcase name="aNameGiven()" classname="TwoferTest" time="0.002"/>
  <testcase name="anotherNameGiven()" classname="TwoferTest" time="0.008"/>
  <system-out><![CDATA[]]></system-out>
  <system-err><![CDATA[]]></system-err>
</testsuite>
