<?xml version="1.0" encoding="UTF-8"?>
<testsuite name="BadgeTest" tests="4" skipped="0" failures="0" errors="0" timestamp="2025-09-25T10:08:13" hostname="LAPTOP-OAIULNTQ" time="0.173">
  <properties/>
  <testcase name="Printing a badge for the owner" classname="BadgeTest" time="0.12"/>
  <testcase name="Printing a badge for a new employee" classname="BadgeTest" time="0.003"/>
  <testcase name="Printing a badge for an employee" classname="BadgeTest" time="0.004"/>
  <testcase name="Printing a badge for the owner who is a new employee" classname="BadgeTest" time="0.014"/>
  <system-out><![CDATA[]]></system-out>
  <system-err><![CDATA[]]></system-err>
</testsuite>
