<?xml version="1.0" encoding="UTF-8"?>
<testsuite name="LeapTest" tests="9" skipped="0" failures="0" errors="0" timestamp="2025-10-16T08:41:32" hostname="LAPTOP-OAIULNTQ" time="0.167">
  <properties/>
  <testcase name="year divisible by 100 but not by 3 is still not a leap year" classname="LeapTest" time="0.081"/>
  <testcase name="year divisible by 2, not divisible by 4 in common year&quot;" classname="LeapTest" time="0.012"/>
  <testcase name="year divisible by 400 is leap year" classname="LeapTest" time="0.002"/>
  <testcase name="year not divisible by 4 in common year" classname="LeapTest" time="0.004"/>
  <testcase name="year divisible by 4, not divisible by 100 in leap year" classname="LeapTest" time="0.004"/>
  <testcase name="year divisible by 400 but not by 125 is still a leap year" classname="LeapTest" time="0.006"/>
  <testcase name="year divisible by 100, not divisible by 400 in common year" classname="LeapTest" time="0.004"/>
  <testcase name="year divisible by 200, not divisible by 400 in common year" classname="LeapTest" time="0.006"/>
  <testcase name="year divisible by 4 and 5 is still a leap year" classname="LeapTest" time="0.01"/>
  <system-out><![CDATA[]]></system-out>
  <system-err><![CDATA[]]></system-err>
</testsuite>
